<?xml version="1.0" encoding="UTF-8"?>
<!-- Generated by org.testng.reporters.JUnitXMLReporter -->
<testsuite hostname="IN-7J8WN13" ignored="0" name="Default test" tests="1" failures="0" timestamp="2022-12-14T13:49:39 IST" time="0.042" errors="0">
  <testcase name="@BeforeSuite startBrowser" time="-1.67100597966E9" classname="TestPages.Basepage">
    <failure type="org.testng.TestNGException" message="
Parameter &amp;apos;browserName&amp;apos; is required by BeforeSuite on method startBrowser but has not been marked @Optional or defined
in C:\Users\shanvisharma\AppData\Local\Temp\testng-eclipse-1706513229\testng-customsuite.xml">
      <![CDATA[org.testng.TestNGException: 
Parameter 'browserName' is required by BeforeSuite on method startBrowser but has not been marked @Optional or defined
in C:\Users\shanvisharma\AppData\Local\Temp\testng-eclipse-1706513229\testng-customsuite.xml
at org.testng.internal.Parameters.createParams(Parameters.java:267)
at org.testng.internal.Parameters.createParametersForMethod(Parameters.java:355)
at org.testng.internal.Parameters.createParameters(Parameters.java:660)
at org.testng.internal.Parameters.createConfigurationParameters(Parameters.java:166)
at org.testng.internal.invokers.ConfigInvoker.invokeConfigurations(ConfigInvoker.java:300)
at org.testng.SuiteRunner.privateRun(SuiteRunner.java:368)
at org.testng.SuiteRunner.run(SuiteRunner.java:326)
at org.testng.SuiteRunnerWorker.runSuite(SuiteRunnerWorker.java:52)
at org.testng.SuiteRunnerWorker.run(SuiteRunnerWorker.java:95)
at org.testng.TestNG.runSuitesSequentially(TestNG.java:1249)
at org.testng.TestNG.runSuitesLocally(TestNG.java:1169)
at org.testng.TestNG.runSuites(TestNG.java:1092)
at org.testng.TestNG.run(TestNG.java:1060)
at org.testng.remote.AbstractRemoteTestNG.run(AbstractRemoteTestNG.java:115)
at org.testng.remote.RemoteTestNG.initAndRun(RemoteTestNG.java:251)
at org.testng.remote.RemoteTestNG.main(RemoteTestNG.java:77)
]]>
    </failure>
  </testcase> <!-- @BeforeSuite startBrowser -->
  <testcase name="@BeforeTest navigate_url" time="0.0" classname="TestPages.Basepage">
    <skipped/>
  </testcase> <!-- @BeforeTest navigate_url -->
  <testcase name="@BeforeMethod beforeMethod" time="0.0" classname="TestPages.Basepage">
    <skipped/>
  </testcase> <!-- @BeforeMethod beforeMethod -->
  <testcase name="@AfterMethod afterMethod" time="0.0" classname="TestPages.Basepage">
    <skipped/>
  </testcase> <!-- @AfterMethod afterMethod -->
  <testcase name="login" time="0.0" classname="testCases_flipkart.LoginPagetest">
    <skipped/>
  </testcase> <!-- login -->
</testsuite> <!-- Default test -->
